<?xml version="1.0" encoding="utf-8"?><testsuites name="pytest tests"><testsuite name="pytest" errors="0" failures="0" skipped="0" tests="18" time="0.775" timestamp="2026-01-12T01:13:29.689928+00:00" hostname="agent-env-09a58e0e-672d-4526-bbd6-480c6df78d17"><testcase classname="tests.test_zeromiddle_features.TestNewProducts" name="test_products_api_returns_data" time="0.061" /><testcase classname="tests.test_zeromiddle_features.TestNewProducts" name="test_coconut_sugar_exists" time="0.039" /><testcase classname="tests.test_zeromiddle_features.TestNewProducts" name="test_channa_dal_exists" time="0.038" /><testcase classname="tests.test_zeromiddle_features.TestNewProducts" name="test_buffalo_ghee_exists" time="0.037" /><testcase classname="tests.test_zeromiddle_features.TestNewProducts" name="test_brown_rice_exists" time="0.041" /><testcase classname="tests.test_zeromiddle_features.TestNewProducts" name="test_black_pepper_exists" time="0.033" /><testcase classname="tests.test_zeromiddle_features.TestGSTRates" name="test_sweeteners_gst_5_percent" time="0.029" /><testcase classname="tests.test_zeromiddle_features.TestGSTRates" name="test_pulses_gst_0_percent" time="0.038" /><testcase classname="tests.test_zeromiddle_features.TestGSTRates" name="test_dairy_gst_5_percent" time="0.031" /><testcase classname="tests.test_zeromiddle_features.TestGSTRates" name="test_rice_gst_0_percent" time="0.033" /><testcase classname="tests.test_zeromiddle_features.TestGSTRates" name="test_spices_gst_5_percent" time="0.033" /><testcase classname="tests.test_zeromiddle_features.TestPinCodeLookup" name="test_valid_pincode_686001" time="0.037" /><testcase classname="tests.test_zeromiddle_features.TestPinCodeLookup" name="test_valid_pincode_600001" time="0.036" /><testcase classname="tests.test_zeromiddle_features.TestPinCodeLookup" name="test_invalid_pincode_returns_not_found" time="0.041" /><testcase classname="tests.test_zeromiddle_features.TestProductDetails" name="test_get_coconut_sugar_details" time="0.031" /><testcase classname="tests.test_zeromiddle_features.TestProductDetails" name="test_get_black_pepper_details" time="0.032" /><testcase classname="tests.test_zeromiddle_features.TestMarketPrices" name="test_all_new_products_have_market_prices" time="0.033" /><testcase classname="tests.test_zeromiddle_features.TestCategories" name="test_categories_include_dairy" time="0.030" /></testsuite></testsuites>